Performing C SOURCE FILE Test CMAKE_HAVE_LIBC_PTHREAD failed with the following output:
Change Dir: /home/zhang/S2/RP/csnn-simulator/build/CMakeFiles/CMakeTmp

Run Build Command(s):/usr/bin/make -f Makefile cmTC_c60e5/fast && /usr/bin/make  -f CMakeFiles/cmTC_c60e5.dir/build.make CMakeFiles/cmTC_c60e5.dir/build
make[1]: 进入目录“/home/zhang/S2/RP/csnn-simulator/build/CMakeFiles/CMakeTmp”
Building C object CMakeFiles/cmTC_c60e5.dir/src.c.o
/usr/local/gcc-9.5.0/bin/gcc -DCMAKE_HAVE_LIBC_PTHREAD   -o CMakeFiles/cmTC_c60e5.dir/src.c.o -c /home/zhang/S2/RP/csnn-simulator/build/CMakeFiles/CMakeTmp/src.c
Linking C executable cmTC_c60e5
/usr/bin/cmake -E cmake_link_script CMakeFiles/cmTC_c60e5.dir/link.txt --verbose=1
/usr/local/gcc-9.5.0/bin/gcc -rdynamic CMakeFiles/cmTC_c60e5.dir/src.c.o -o cmTC_c60e5 
/usr/bin/ld: CMakeFiles/cmTC_c60e5.dir/src.c.o: in function `main':
src.c:(.text+0x2d): undefined reference to `pthread_create'
/usr/bin/ld: src.c:(.text+0x39): undefined reference to `pthread_detach'
/usr/bin/ld: src.c:(.text+0x45): undefined reference to `pthread_cancel'
/usr/bin/ld: src.c:(.text+0x56): undefined reference to `pthread_join'
collect2: 错误：ld 返回 1
make[1]: *** [CMakeFiles/cmTC_c60e5.dir/build.make:99：cmTC_c60e5] 错误 1
make[1]: 离开目录“/home/zhang/S2/RP/csnn-simulator/build/CMakeFiles/CMakeTmp”
make: *** [Makefile:127：cmTC_c60e5/fast] 错误 2


Source file was:
#include <pthread.h>

static void* test_func(void* data)
{
  return data;
}

int main(void)
{
  pthread_t thread;
  pthread_create(&thread, NULL, test_func, NULL);
  pthread_detach(thread);
  pthread_cancel(thread);
  pthread_join(thread, NULL);
  pthread_atfork(NULL, NULL, NULL);
  pthread_exit(NULL);

  return 0;
}

Determining if the function pthread_create exists in the pthreads failed with the following output:
Change Dir: /home/zhang/S2/RP/csnn-simulator/build/CMakeFiles/CMakeTmp

Run Build Command(s):/usr/bin/make -f Makefile cmTC_4e0f7/fast && /usr/bin/make  -f CMakeFiles/cmTC_4e0f7.dir/build.make CMakeFiles/cmTC_4e0f7.dir/build
make[1]: 进入目录“/home/zhang/S2/RP/csnn-simulator/build/CMakeFiles/CMakeTmp”
Building C object CMakeFiles/cmTC_4e0f7.dir/CheckFunctionExists.c.o
/usr/local/gcc-9.5.0/bin/gcc   -DCHECK_FUNCTION_EXISTS=pthread_create -o CMakeFiles/cmTC_4e0f7.dir/CheckFunctionExists.c.o -c /usr/share/cmake-3.22/Modules/CheckFunctionExists.c
Linking C executable cmTC_4e0f7
/usr/bin/cmake -E cmake_link_script CMakeFiles/cmTC_4e0f7.dir/link.txt --verbose=1
/usr/local/gcc-9.5.0/bin/gcc  -DCHECK_FUNCTION_EXISTS=pthread_create -rdynamic CMakeFiles/cmTC_4e0f7.dir/CheckFunctionExists.c.o -o cmTC_4e0f7  -lpthreads 
/usr/bin/ld: 找不到 -lpthreads
collect2: 错误：ld 返回 1
make[1]: *** [CMakeFiles/cmTC_4e0f7.dir/build.make:99：cmTC_4e0f7] 错误 1
make[1]: 离开目录“/home/zhang/S2/RP/csnn-simulator/build/CMakeFiles/CMakeTmp”
make: *** [Makefile:127：cmTC_4e0f7/fast] 错误 2



Determining if the function sgemm_ exists failed with the following output:
Change Dir: /home/zhang/S2/RP/csnn-simulator/build/CMakeFiles/CMakeTmp

Run Build Command(s):/usr/bin/make -f Makefile cmTC_8eea3/fast && /usr/bin/make  -f CMakeFiles/cmTC_8eea3.dir/build.make CMakeFiles/cmTC_8eea3.dir/build
make[1]: 进入目录“/home/zhang/S2/RP/csnn-simulator/build/CMakeFiles/CMakeTmp”
Building C object CMakeFiles/cmTC_8eea3.dir/CheckFunctionExists.c.o
/usr/local/gcc-9.5.0/bin/gcc   -DCHECK_FUNCTION_EXISTS=sgemm_ -o CMakeFiles/cmTC_8eea3.dir/CheckFunctionExists.c.o -c /usr/share/cmake-3.22/Modules/CheckFunctionExists.c
Linking C executable cmTC_8eea3
/usr/bin/cmake -E cmake_link_script CMakeFiles/cmTC_8eea3.dir/link.txt --verbose=1
/usr/local/gcc-9.5.0/bin/gcc  -DCHECK_FUNCTION_EXISTS=sgemm_ -rdynamic CMakeFiles/cmTC_8eea3.dir/CheckFunctionExists.c.o -o cmTC_8eea3 
/usr/bin/ld: CMakeFiles/cmTC_8eea3.dir/CheckFunctionExists.c.o: in function `main':
CheckFunctionExists.c:(.text+0x10): undefined reference to `sgemm_'
collect2: 错误：ld 返回 1
make[1]: *** [CMakeFiles/cmTC_8eea3.dir/build.make:99：cmTC_8eea3] 错误 1
make[1]: 离开目录“/home/zhang/S2/RP/csnn-simulator/build/CMakeFiles/CMakeTmp”
make: *** [Makefile:127：cmTC_8eea3/fast] 错误 2



